#
# A fatal error has been detected by the Java Runtime Environment:
#
#  EXCEPTION_ACCESS_VIOLATION (0xc0000005) at pc=0x0000000050fd8225, pid=8124, tid=7800
#
# JRE version: Java(TM) SE Runtime Environment (8.0_40-b25) (build 1.8.0_40-b25)
# Java VM: Java HotSpot(TM) 64-Bit Server VM (25.40-b25 mixed mode windows-amd64 compressed oops)
# Problematic frame:
# V  [jvm.dll+0x128225]
#
# Failed to write core dump. Minidumps are not enabled by default on client versions of Windows
#
# If you would like to submit a bug report, please visit:
#   http://bugreport.java.com/bugreport/crash.jsp
#

---------------  T H R E A D  ---------------

Current thread (0x0000000017503000):  JavaThread "JDWP Transport Listener: dt_socket" daemon [_thread_in_vm, id=7800, stack(0x0000000018dc0000,0x0000000018ec0000)]

siginfo: ExceptionCode=0xc0000005, reading address 0xffffffffffffffff

Registers:
RAX=0x0000000018ebf501, RBX=0x0000000017503000, RCX=0x3b4378697274614d, RDX=0x0000000000000000
RSP=0x0000000018ebf4b0, RBP=0x3b4378697274614d, RSI=0x0000000018ebf5c8, RDI=0x0000000002709940
R8 =0x0000000017503000, R9 =0x0000000000008000, R10=0x0000000000000000, R11=0x0000000018ebf77d
R12=0x0000000000000000, R13=0x0000000017511ba8, R14=0x0000000000000000, R15=0x0000000000000000
RIP=0x0000000050fd8225, EFLAGS=0x0000000000010206

Top of Stack: (sp=0x0000000018ebf4b0)
0x0000000018ebf4b0:   0000000017503000 0000000017503000
0x0000000018ebf4c0:   0000000018ebf578 00000000511dc6db
0x0000000018ebf4d0:   0000000017503000 00000000511f8f3d
0x0000000018ebf4e0:   0000000000000000 0000000050cd9155
0x0000000018ebf4f0:   0000000017526e18 0000000050ce291e
0x0000000018ebf500:   0000000017503000 0000000000000000
0x0000000018ebf510:   0000000000000000 0000000000000000
0x0000000018ebf520:   3b4378697274614d 0000000050ce1a15
0x0000000018ebf530:   0000000018ebf5c8 0000000018ebf5a0
0x0000000018ebf540:   0000000000000001 0000000017526e18
0x0000000018ebf550:   3b4378697274614d 0000000050cc53b3
0x0000000018ebf560:   0000000018ebf690 0000000000000001
0x0000000018ebf570:   0000000000000001 0000000017526e18
0x0000000018ebf580:   000000000000000a 0000000000000000
0x0000000018ebf590:   0000000000000000 0000000000000000
0x0000000018ebf5a0:   0000000000000001 0000000050cc5571 

Instructions: (pc=0x0000000050fd8225)
0x0000000050fd8205:   cc cc cc cc cc cc cc cc cc cc cc 48 83 ec 28 48
0x0000000050fd8215:   85 c9 75 07 33 c0 48 83 c4 28 c3 48 89 5c 24 20
0x0000000050fd8225:   48 8b 19 48 85 db 74 20 48 83 fb 37 74 1a 48 8b
0x0000000050fd8235:   13 48 8b cb ff 52 10 84 c0 74 0d 48 8b c3 48 8b 


Register to memory mapping:

RAX=0x0000000018ebf501 is pointing into the stack for thread: 0x0000000017503000
RBX=0x0000000017503000 is a thread
RCX=0x3b4378697274614d is an unknown value
RDX=0x0000000000000000 is an unknown value
RSP=0x0000000018ebf4b0 is pointing into the stack for thread: 0x0000000017503000
RBP=0x3b4378697274614d is an unknown value
RSI=0x0000000018ebf5c8 is pointing into the stack for thread: 0x0000000017503000
RDI=0x0000000002709940 is an unknown value
R8 =0x0000000017503000 is a thread
R9 =0x0000000000008000 is an unknown value
R10=0x0000000000000000 is an unknown value
R11=0x0000000018ebf77d is pointing into the stack for thread: 0x0000000017503000
R12=0x0000000000000000 is an unknown value
R13=0x0000000017511ba8 is an unknown value
R14=0x0000000000000000 is an unknown value
R15=0x0000000000000000 is an unknown value


Stack: [0x0000000018dc0000,0x0000000018ec0000],  sp=0x0000000018ebf4b0,  free space=1021k
Native frames: (J=compiled Java code, j=interpreted, Vv=VM code, C=native code)
V  [jvm.dll+0x128225]
V  [jvm.dll+0x348f3d]
C  [jdwp.dll+0x21a15]
C  [jdwp.dll+0x53b3]
C  [jdwp.dll+0x5571]
C  [jdwp.dll+0xf0a8]
C  [jdwp.dll+0x1f2d5]
C  [jdwp.dll+0x1f4aa]
V  [jvm.dll+0x1bad48]
V  [jvm.dll+0x241914]
V  [jvm.dll+0x29848a]
C  [msvcr100.dll+0x21d9f]
C  [msvcr100.dll+0x21e3b]
C  [KERNEL32.DLL+0x13d2]
C  [ntdll.dll+0x15444]


---------------  P R O C E S S  ---------------

Java Threads: ( => current thread )
  0x00000000191f2000 JavaThread "Service Thread" daemon [_thread_blocked, id=7664, stack(0x00000000197c0000,0x00000000198c0000)]
  0x000000001755e000 JavaThread "C1 CompilerThread2" daemon [_thread_blocked, id=7336, stack(0x00000000196c0000,0x00000000197c0000)]
  0x000000001755d800 JavaThread "C2 CompilerThread1" daemon [_thread_blocked, id=7456, stack(0x00000000195c0000,0x00000000196c0000)]
  0x0000000017523800 JavaThread "C2 CompilerThread0" daemon [_thread_blocked, id=6732, stack(0x00000000190c0000,0x00000000191c0000)]
  0x0000000017522000 JavaThread "JDWP Command Reader" daemon [_thread_in_native, id=8160, stack(0x0000000018fc0000,0x00000000190c0000)]
  0x0000000017516000 JavaThread "JDWP Event Helper Thread" daemon [_thread_blocked, id=7620, stack(0x0000000018ec0000,0x0000000018fc0000)]
=>0x0000000017503000 JavaThread "JDWP Transport Listener: dt_socket" daemon [_thread_in_vm, id=7800, stack(0x0000000018dc0000,0x0000000018ec0000)]
  0x0000000017507800 JavaThread "Attach Listener" daemon [_thread_blocked, id=1536, stack(0x0000000018970000,0x0000000018a70000)]
  0x0000000017506000 JavaThread "Signal Dispatcher" daemon [_thread_blocked, id=3088, stack(0x0000000018870000,0x0000000018970000)]
  0x0000000002997000 JavaThread "Finalizer" daemon [_thread_blocked, id=1932, stack(0x0000000018770000,0x0000000018870000)]
  0x000000000298e800 JavaThread "Reference Handler" daemon [_thread_blocked, id=5368, stack(0x0000000018670000,0x0000000018770000)]
  0x000000000270d800 JavaThread "main" [_thread_blocked, id=4288, stack(0x00000000027a0000,0x00000000028a0000)]

Other Threads:
  0x00000000174c7000 VMThread [stack: 0x0000000018570000,0x0000000018670000] [id=7956]
  0x00000000191f4000 WatcherThread [stack: 0x00000000198c0000,0x00000000199c0000] [id=3136]

VM state:not at safepoint (normal execution)

VM Mutex/Monitor currently owned by a thread: None

Heap:
 PSYoungGen      total 38400K, used 2662K [0x00000000d5f00000, 0x00000000d8980000, 0x0000000100000000)
  eden space 33280K, 8% used [0x00000000d5f00000,0x00000000d6199a70,0x00000000d7f80000)
  from space 5120K, 0% used [0x00000000d8480000,0x00000000d8480000,0x00000000d8980000)
  to   space 5120K, 0% used [0x00000000d7f80000,0x00000000d7f80000,0x00000000d8480000)
 ParOldGen       total 87552K, used 0K [0x0000000081c00000, 0x0000000087180000, 0x00000000d5f00000)
  object space 87552K, 0% used [0x0000000081c00000,0x0000000081c00000,0x0000000087180000)
 Metaspace       used 2746K, capacity 4564K, committed 4864K, reserved 1056768K
  class space    used 303K, capacity 388K, committed 512K, reserved 1048576K

Card table byte_map: [0x0000000011d60000,0x0000000012160000] byte_map_base: 0x0000000011952000

Marking Bits: (ParMarkBitMap*) 0x00000000516b4040
 Begin Bits: [0x0000000012810000, 0x00000000147a0000)
 End Bits:   [0x00000000147a0000, 0x0000000016730000)

Polling page: 0x00000000026f0000

CodeCache: size=245760Kb used=1140Kb max_used=1151Kb free=244619Kb
 bounds [0x00000000029a0000, 0x0000000002c10000, 0x00000000119a0000]
 total_blobs=270 nmethods=36 adapters=155
 compilation: enabled

Compilation events (10 events):
Event: 0.236 Thread 0x000000001755e000   32       3       java.lang.String::indexOf (70 bytes)
Event: 0.237 Thread 0x000000001755e000 nmethod 32 0x0000000002abb490 code [0x0000000002abb620, 0x0000000002abb9c8]
Event: 0.237 Thread 0x000000001755e000   33       3       java.lang.StringBuilder::append (8 bytes)
Event: 0.237 Thread 0x000000001755e000 nmethod 33 0x0000000002abbb10 code [0x0000000002abbc80, 0x0000000002abc008]
Event: 0.238 Thread 0x000000001755e000   34       3       java.lang.AbstractStringBuilder::append (50 bytes)
Event: 0.238 Thread 0x000000001755e000 nmethod 34 0x0000000002abc210 code [0x0000000002abc3a0, 0x0000000002abc8a8]
Event: 0.239 Thread 0x000000001755e000   35       3       java.lang.System::getSecurityManager (4 bytes)
Event: 0.239 Thread 0x000000001755e000 nmethod 35 0x0000000002abca90 code [0x0000000002abcbe0, 0x0000000002abcd10]
Event: 0.241 Thread 0x0000000017523800   36       4       java.lang.String::charAt (29 bytes)
Event: 0.241 Thread 0x0000000017523800 nmethod 36 0x0000000002abfa90 code [0x0000000002abfbe0, 0x0000000002abfcd8]

GC Heap History (0 events):
No events

Deoptimization events (0 events):
No events

Internal exceptions (2 events):
Event: 0.037 Thread 0x000000000270d800 Exception <a 'java/lang/NoSuchMethodError': Method sun.misc.Unsafe.defineClass(Ljava/lang/String;[BII)Ljava/lang/Class; name or signature does not match> (0x00000000d5f12d78) thrown at [D:\re\workspace\8-2-build-windows-amd64-cygwin\jdk8u40\2855\hotspot\srdÎi—›5£?
Event: 0.038 Thread 0x000000000270d800 Exception <a 'java/lang/NoSuchMethodError': Method sun.misc.Unsafe.prefetchRead(Ljava/lang/Object;J)V name or signature does not match> (0x00000000d5f13008) thrown at [D:\re\workspace\8-2-build-windows-amd64-cygwin\jdk8u40\2855\hotspot\src\share\vm\prims\j

Events (10 events):
Event: 89.456 Executing VM operation: RedefineClasses
Event: 89.457 Executing VM operation: RedefineClasses done
Event: 125.842 loading class java/util/concurrent/ConcurrentHashMap$ForwardingNode
Event: 125.842 loading class java/util/concurrent/ConcurrentHashMap$ForwardingNode done
Event: 125.842 Executing VM operation: RedefineClasses
Event: 125.843 Executing VM operation: RedefineClasses done
Event: 144.887 Executing VM operation: RedefineClasses
Event: 144.888 Executing VM operation: RedefineClasses done
Event: 260.327 Executing VM operation: RedefineClasses
Event: 260.328 Executing VM operation: RedefineClasses done


Dynamic libraries:
0x00007ff6aaac0000 - 0x00007ff6aaaf7000 	C:\Program Files\Java\jre1.8.0_40\bin\javaw.exe
0x00007fff2d2d0000 - 0x00007fff2d47c000 	C:\Windows\SYSTEM32\ntdll.dll
0x00007fff2abe0000 - 0x00007fff2ad1e000 	C:\Windows\system32\KERNEL32.DLL
0x00007fff2a840000 - 0x00007fff2a955000 	C:\Windows\system32\KERNELBASE.dll
0x00007fff28fd0000 - 0x00007fff2905e000 	C:\Windows\system32\apphelp.dll
0x00007fff1d1d0000 - 0x00007fff1d223000 	C:\Windows\AppPatch\AppPatch64\AcGenral.DLL
0x00007fff2b3b0000 - 0x00007fff2b45a000 	C:\Windows\system32\msvcrt.dll
0x00007fff2a2c0000 - 0x00007fff2a2ee000 	C:\Windows\SYSTEM32\SspiCli.dll
0x00007fff2aab0000 - 0x00007fff2ab04000 	C:\Windows\system32\SHLWAPI.dll
0x00007fff2b960000 - 0x00007fff2bad7000 	C:\Windows\system32\USER32.dll
0x00007fff2b210000 - 0x00007fff2b3a4000 	C:\Windows\system32\ole32.dll
0x00007fff2bb10000 - 0x00007fff2d029000 	C:\Windows\system32\SHELL32.dll
0x00007fff299d0000 - 0x00007fff299f1000 	C:\Windows\SYSTEM32\USERENV.dll
0x00007fff2b460000 - 0x00007fff2b50a000 	C:\Windows\system32\ADVAPI32.dll
0x00007fff18710000 - 0x00007fff1872e000 	C:\Windows\SYSTEM32\MPR.dll
0x00007fff2ad20000 - 0x00007fff2ae61000 	C:\Windows\system32\RPCRT4.dll
0x00007fff2ab70000 - 0x00007fff2abc9000 	C:\Windows\SYSTEM32\sechost.dll
0x00007fff2d030000 - 0x00007fff2d241000 	C:\Windows\SYSTEM32\combase.dll
0x00007fff2a960000 - 0x00007fff2aab0000 	C:\Windows\system32\GDI32.dll
0x00007fff2a430000 - 0x00007fff2a445000 	C:\Windows\SYSTEM32\profapi.dll
0x00007fff28ef0000 - 0x00007fff28fa2000 	C:\Windows\SYSTEM32\SHCORE.dll
0x00007fff2b1c0000 - 0x00007fff2b1f6000 	C:\Windows\system32\IMM32.DLL
0x00007fff2ae70000 - 0x00007fff2afc2000 	C:\Windows\system32\MSCTF.dll
0x00007fff28500000 - 0x00007fff2877a000 	C:\Windows\WinSxS\amd64_microsoft.windows.common-controls_6595b64144ccf1df_6.0.9600.17810_none_6240b9c7ecbd0bda\COMCTL32.dll
0x0000000050d00000 - 0x0000000050dd2000 	C:\Program Files\Java\jre1.8.0_40\bin\msvcr100.dll
0x0000000050eb0000 - 0x0000000051733000 	C:\Program Files\Java\jre1.8.0_40\bin\server\jvm.dll
0x00007fff21b40000 - 0x00007fff21b49000 	C:\Windows\SYSTEM32\WSOCK32.dll
0x00007fff26b10000 - 0x00007fff26b32000 	C:\Windows\SYSTEM32\WINMM.dll
0x00007fff26b40000 - 0x00007fff26b4a000 	C:\Windows\SYSTEM32\VERSION.dll
0x00007fff2b200000 - 0x00007fff2b207000 	C:\Windows\system32\PSAPI.DLL
0x00007fff2afd0000 - 0x00007fff2b02a000 	C:\Windows\system32\WS2_32.dll
0x00007fff26ae0000 - 0x00007fff26b0a000 	C:\Windows\SYSTEM32\WINMMBASE.dll
0x00007fff2d2c0000 - 0x00007fff2d2c9000 	C:\Windows\system32\NSI.dll
0x00007fff2a500000 - 0x00007fff2a54f000 	C:\Windows\SYSTEM32\cfgmgr32.dll
0x00007fff29220000 - 0x00007fff29248000 	C:\Windows\SYSTEM32\DEVOBJ.dll
0x0000000050ea0000 - 0x0000000050eaf000 	C:\Program Files\Java\jre1.8.0_40\bin\verify.dll
0x0000000050e70000 - 0x0000000050e99000 	C:\Program Files\Java\jre1.8.0_40\bin\java.dll
0x0000000050cc0000 - 0x0000000050cf5000 	C:\Program Files\Java\jre1.8.0_40\bin\jdwp.dll
0x0000000050cb0000 - 0x0000000050cb8000 	C:\Program Files\Java\jre1.8.0_40\bin\npt.dll
0x0000000050e50000 - 0x0000000050e66000 	C:\Program Files\Java\jre1.8.0_40\bin\zip.dll
0x0000000050ca0000 - 0x0000000050ca9000 	C:\Program Files\Java\jre1.8.0_40\bin\dt_socket.dll
0x00007fff1d4b0000 - 0x00007fff1d4c5000 	C:\Windows\system32\napinsp.dll
0x00007fff1d4d0000 - 0x00007fff1d4ea000 	C:\Windows\system32\pnrpnsp.dll
0x00007fff27700000 - 0x00007fff2771b000 	C:\Windows\system32\NLAapi.dll
0x00007fff29c40000 - 0x00007fff29c99000 	C:\Windows\System32\mswsock.dll
0x00007fff29a40000 - 0x00007fff29ae4000 	C:\Windows\SYSTEM32\DNSAPI.dll
0x00007fff1d4f0000 - 0x00007fff1d4fd000 	C:\Windows\System32\winrnr.dll
0x00007fff1d500000 - 0x00007fff1d514000 	C:\Windows\system32\wshbth.dll
0x0000000052990000 - 0x00000000529b6000 	C:\Program Files\Bonjour\mdnsNSP.dll
0x00007fff237f0000 - 0x00007fff2381a000 	C:\Windows\SYSTEM32\Iphlpapi.DLL
0x00007fff237c0000 - 0x00007fff237ca000 	C:\Windows\SYSTEM32\WINNSI.DLL
0x00007fff233b0000 - 0x00007fff2341b000 	C:\Windows\System32\fwpuclnt.dll
0x00007fff1f310000 - 0x00007fff1f31a000 	C:\Windows\System32\rasadhlp.dll
0x00007fff196b0000 - 0x00007fff19839000 	C:\Windows\SYSTEM32\dbghelp.dll

VM Arguments:
jvm_args: -agentlib:jdwp=transport=dt_socket,suspend=y,address=localhost:61247 -Dfile.encoding=Cp1251 
java_command: lesson_6Arrays.Ex_10c_PrintMatrixC
java_class_path (initial): C:\Users\Spider\workspace\JavaBook\bin
Launcher Type: SUN_STANDARD

Environment Variables:
PATH=C:/Program Files/Java/jre1.8.0_40/bin/server;C:/Program Files/Java/jre1.8.0_40/bin;C:/Program Files/Java/jre1.8.0_40/lib/amd64;C:\ProgramData\Oracle\Java\javapath;C:\Program Files (x86)\NVIDIA Corporation\PhysX\Common;C:\Program Files (x86)\Intel\iCLS Client\;C:\Program Files\Intel\iCLS Client\;C:\Windows\system32;C:\Windows;C:\Windows\System32\Wbem;C:\Windows\System32\WindowsPowerShell\v1.0\;C:\Program Files\Intel\Intel(R) Management Engine Components\DAL;C:\Program Files\Intel\Intel(R) Management Engine Components\IPT;C:\Program Files (x86)\Intel\Intel(R) Management Engine Components\DAL;C:\Program Files (x86)\Intel\Intel(R) Management Engine Components\IPT;C:\Program Files (x86)\Skype\Phone\;D:\SpideR\Programming\eclipse;
USERNAME=Spider
OS=Windows_NT
PROCESSOR_IDENTIFIER=Intel64 Family 6 Model 69 Stepping 1, GenuineIntel



---------------  S Y S T E M  ---------------

OS: Windows 8.1 , 64 bit Build 9600 (6.3.9600.17415)

CPU:total 4 (2 cores per cpu, 2 threads per core) family 6 model 69 stepping 1, cmov, cx8, fxsr, mmx, sse, sse2, sse3, ssse3, sse4.1, sse4.2, popcnt, avx, avx2, aes, clmul, erms, lzcnt, ht, tsc, tscinvbit, bmi1, bmi2

Memory: 4k page, physical 8268996k(5075044k free), swap 11515652k(2702656k free)

vm_info: Java HotSpot(TM) 64-Bit Server VM (25.40-b25) for windows-amd64 JRE (1.8.0_40-b25), built on Feb 10 2015 21:53:57 by "java_re" with MS VC++ 10.0 (VS2010)

time: Sat Aug 08 21:08:56 2015
elapsed time: 260 seconds (0d 0h 4m 20s)

