#
# A fatal error has been detected by the Java Runtime Environment:
#
#  EXCEPTION_ACCESS_VIOLATION (0xc0000005) at pc=0x0000000050fd8225, pid=6904, tid=4520
#
# JRE version: Java(TM) SE Runtime Environment (8.0_40-b25) (build 1.8.0_40-b25)
# Java VM: Java HotSpot(TM) 64-Bit Server VM (25.40-b25 mixed mode windows-amd64 compressed oops)
# Problematic frame:
# V  [jvm.dll+0x128225]
#
# Failed to write core dump. Minidumps are not enabled by default on client versions of Windows
#
# If you would like to submit a bug report, please visit:
#   http://bugreport.java.com/bugreport/crash.jsp
#

---------------  T H R E A D  ---------------

Current thread (0x00000000169aa000):  JavaThread "JDWP Transport Listener: dt_socket" daemon [_thread_in_vm, id=4520, stack(0x0000000017f20000,0x0000000018020000)]

siginfo: ExceptionCode=0xc0000005, reading address 0xffffffffffffffff

Registers:
RAX=0x000000001801f401, RBX=0x00000000169aa000, RCX=0x003b74655364003b, RDX=0x0000000000000000
RSP=0x000000001801f400, RBP=0x003b74655364003b, RSI=0x000000001801f518, RDI=0x0000000001d69940
R8 =0x00000000169aa000, R9 =0x0000000000008000, R10=0x0000000000000000, R11=0x000000001801f6cd
R12=0x0000000000000000, R13=0x00000000169b2b08, R14=0x0000000000000000, R15=0x0000000000000000
RIP=0x0000000050fd8225, EFLAGS=0x0000000000010202

Top of Stack: (sp=0x000000001801f400)
0x000000001801f400:   00000000169aa000 00000000169aa000
0x000000001801f410:   000000001801f4c8 00000000511dc6db
0x000000001801f420:   00000000169aa000 00000000511f8f3d
0x000000001801f430:   0000000000000000 0000000050cd9155
0x000000001801f440:   00000000169c7230 0000000050ce291e
0x000000001801f450:   00000000169aa000 0000000000000000
0x000000001801f460:   0000000000000000 0000000000000000
0x000000001801f470:   003b74655364003b 0000000050ce1a15
0x000000001801f480:   000000001801f518 000000001801f4f0
0x000000001801f490:   0000000000000001 00000000169c7230
0x000000001801f4a0:   003b74655364003b 0000000050cc53b3
0x000000001801f4b0:   000000001801f5e0 0000000000000001
0x000000001801f4c0:   0000000000000001 00000000169c7230
0x000000001801f4d0:   000000000000000a 0000000000000000
0x000000001801f4e0:   0000000000000000 0000000000000000
0x000000001801f4f0:   0000000000000001 0000000050cc5571 

Instructions: (pc=0x0000000050fd8225)
0x0000000050fd8205:   cc cc cc cc cc cc cc cc cc cc cc 48 83 ec 28 48
0x0000000050fd8215:   85 c9 75 07 33 c0 48 83 c4 28 c3 48 89 5c 24 20
0x0000000050fd8225:   48 8b 19 48 85 db 74 20 48 83 fb 37 74 1a 48 8b
0x0000000050fd8235:   13 48 8b cb ff 52 10 84 c0 74 0d 48 8b c3 48 8b 


Register to memory mapping:

RAX=0x000000001801f401 is pointing into the stack for thread: 0x00000000169aa000
RBX=0x00000000169aa000 is a thread
RCX=0x003b74655364003b is an unknown value
RDX=0x0000000000000000 is an unknown value
RSP=0x000000001801f400 is pointing into the stack for thread: 0x00000000169aa000
RBP=0x003b74655364003b is an unknown value
RSI=0x000000001801f518 is pointing into the stack for thread: 0x00000000169aa000
RDI=0x0000000001d69940 is an unknown value
R8 =0x00000000169aa000 is a thread
R9 =0x0000000000008000 is an unknown value
R10=0x0000000000000000 is an unknown value
R11=0x000000001801f6cd is pointing into the stack for thread: 0x00000000169aa000
R12=0x0000000000000000 is an unknown value
R13=0x00000000169b2b08 is an unknown value
R14=0x0000000000000000 is an unknown value
R15=0x0000000000000000 is an unknown value


Stack: [0x0000000017f20000,0x0000000018020000],  sp=0x000000001801f400,  free space=1021k
Native frames: (J=compiled Java code, j=interpreted, Vv=VM code, C=native code)
V  [jvm.dll+0x128225]
V  [jvm.dll+0x348f3d]
C  [jdwp.dll+0x21a15]
C  [jdwp.dll+0x53b3]
C  [jdwp.dll+0x5571]
C  [jdwp.dll+0xf0a8]
C  [jdwp.dll+0x1f2d5]
C  [jdwp.dll+0x1f4aa]
V  [jvm.dll+0x1bad48]
V  [jvm.dll+0x241914]
V  [jvm.dll+0x29848a]
C  [msvcr100.dll+0x21d9f]
C  [msvcr100.dll+0x21e3b]
C  [KERNEL32.DLL+0x13d2]
C  [ntdll.dll+0x15444]


---------------  P R O C E S S  ---------------

Java Threads: ( => current thread )
  0x00000000188a1800 JavaThread "Service Thread" daemon [_thread_blocked, id=7516, stack(0x0000000018c70000,0x0000000018d70000)]
  0x00000000169ca000 JavaThread "C1 CompilerThread2" daemon [_thread_blocked, id=4484, stack(0x0000000018770000,0x0000000018870000)]
  0x00000000169c9000 JavaThread "C2 CompilerThread1" daemon [_thread_blocked, id=7568, stack(0x0000000018670000,0x0000000018770000)]
  0x00000000169c4000 JavaThread "C2 CompilerThread0" daemon [_thread_blocked, id=6852, stack(0x0000000018570000,0x0000000018670000)]
  0x00000000169b9800 JavaThread "JDWP Command Reader" daemon [_thread_in_native, id=100, stack(0x0000000018470000,0x0000000018570000)]
  0x00000000169b7000 JavaThread "JDWP Event Helper Thread" daemon [_thread_blocked, id=6552, stack(0x0000000018370000,0x0000000018470000)]
=>0x00000000169aa000 JavaThread "JDWP Transport Listener: dt_socket" daemon [_thread_in_vm, id=4520, stack(0x0000000017f20000,0x0000000018020000)]
  0x00000000169a8800 JavaThread "Attach Listener" daemon [_thread_blocked, id=5336, stack(0x0000000017e20000,0x0000000017f20000)]
  0x00000000169a7800 JavaThread "Signal Dispatcher" daemon [_thread_blocked, id=7688, stack(0x0000000017d20000,0x0000000017e20000)]
  0x0000000001e68000 JavaThread "Finalizer" daemon [_thread_blocked, id=7396, stack(0x0000000017c20000,0x0000000017d20000)]
  0x0000000001e5f000 JavaThread "Reference Handler" daemon [_thread_blocked, id=5936, stack(0x0000000017b20000,0x0000000017c20000)]
  0x0000000001d6d800 JavaThread "main" [_thread_blocked, id=7872, stack(0x0000000001c20000,0x0000000001d20000)]

Other Threads:
  0x0000000016967000 VMThread [stack: 0x0000000017a20000,0x0000000017b20000] [id=7972]
  0x00000000188a3000 WatcherThread [stack: 0x0000000018d70000,0x0000000018e70000] [id=8036]

VM state:not at safepoint (normal execution)

VM Mutex/Monitor currently owned by a thread: None

Heap:
 PSYoungGen      total 38400K, used 2662K [0x00000000d5f00000, 0x00000000d8980000, 0x0000000100000000)
  eden space 33280K, 8% used [0x00000000d5f00000,0x00000000d6199a70,0x00000000d7f80000)
  from space 5120K, 0% used [0x00000000d8480000,0x00000000d8480000,0x00000000d8980000)
  to   space 5120K, 0% used [0x00000000d7f80000,0x00000000d7f80000,0x00000000d8480000)
 ParOldGen       total 87552K, used 0K [0x0000000081c00000, 0x0000000087180000, 0x00000000d5f00000)
  object space 87552K, 0% used [0x0000000081c00000,0x0000000081c00000,0x0000000087180000)
 Metaspace       used 2745K, capacity 4564K, committed 4864K, reserved 1056768K
  class space    used 303K, capacity 388K, committed 512K, reserved 1048576K

Card table byte_map: [0x0000000011230000,0x0000000011630000] byte_map_base: 0x0000000010e22000

Marking Bits: (ParMarkBitMap*) 0x00000000516b4040
 Begin Bits: [0x0000000011ce0000, 0x0000000013c70000)
 End Bits:   [0x0000000013c70000, 0x0000000015c00000)

Polling page: 0x0000000000400000

CodeCache: size=245760Kb used=1134Kb max_used=1145Kb free=244625Kb
 bounds [0x0000000001e70000, 0x00000000020e0000, 0x0000000010e70000]
 total_blobs=266 nmethods=33 adapters=155
 compilation: enabled

Compilation events (10 events):
Event: 0.105 Thread 0x00000000169ca000   29       3       java.lang.String::indexOf (70 bytes)
Event: 0.105 Thread 0x00000000169ca000 nmethod 29 0x0000000001f89c50 code [0x0000000001f89de0, 0x0000000001f8a188]
Event: 0.106 Thread 0x00000000169ca000   31  s    3       java.lang.StringBuffer::append (13 bytes)
Event: 0.106 Thread 0x00000000169ca000 nmethod 31 0x0000000001f8a2d0 code [0x0000000001f8a460, 0x0000000001f8a968]
Event: 0.106 Thread 0x00000000169ca000   30       3       java.lang.StringBuilder::append (8 bytes)
Event: 0.106 Thread 0x00000000169ca000 nmethod 30 0x0000000001f8abd0 code [0x0000000001f8ad40, 0x0000000001f8b0c8]
Event: 0.107 Thread 0x00000000169ca000   32       3       java.lang.System::getSecurityManager (4 bytes)
Event: 0.107 Thread 0x00000000169ca000 nmethod 32 0x0000000001f8b2d0 code [0x0000000001f8b420, 0x0000000001f8b550]
Event: 0.108 Thread 0x00000000169c9000   33       4       java.lang.String::charAt (29 bytes)
Event: 0.109 Thread 0x00000000169c9000 nmethod 33 0x0000000001f8e2d0 code [0x0000000001f8e420, 0x0000000001f8e518]

GC Heap History (0 events):
No events

Deoptimization events (0 events):
No events

Internal exceptions (2 events):
Event: 0.037 Thread 0x0000000001d6d800 Exception <a 'java/lang/NoSuchMethodError': Method sun.misc.Unsafe.defineClass(Ljava/lang/String;[BII)Ljava/lang/Class; name or signature does not match> (0x00000000d5f12f08) thrown at [D:\re\workspace\8-2-build-windows-amd64-cygwin\jdk8u40\2855\hotspot\sråD¿_³ç¢?
Event: 0.037 Thread 0x0000000001d6d800 Exception <a 'java/lang/NoSuchMethodError': Method sun.misc.Unsafe.prefetchRead(Ljava/lang/Object;J)V name or signature does not match> (0x00000000d5f13198) thrown at [D:\re\workspace\8-2-build-windows-amd64-cygwin\jdk8u40\2855\hotspot\src\share\vm\prims\j

Events (10 events):
Event: 92.620 Executing VM operation: RedefineClasses
Event: 92.620 Executing VM operation: RedefineClasses done
Event: 129.159 loading class java/util/concurrent/ConcurrentHashMap$ForwardingNode
Event: 129.159 loading class java/util/concurrent/ConcurrentHashMap$ForwardingNode done
Event: 129.160 Executing VM operation: RedefineClasses
Event: 129.161 Executing VM operation: RedefineClasses done
Event: 148.215 Executing VM operation: RedefineClasses
Event: 148.215 Executing VM operation: RedefineClasses done
Event: 263.441 Executing VM operation: RedefineClasses
Event: 263.442 Executing VM operation: RedefineClasses done


Dynamic libraries:
0x00007ff6aaac0000 - 0x00007ff6aaaf7000 	C:\Program Files\Java\jre1.8.0_40\bin\javaw.exe
0x00007fff2d2d0000 - 0x00007fff2d47c000 	C:\Windows\SYSTEM32\ntdll.dll
0x00007fff2abe0000 - 0x00007fff2ad1e000 	C:\Windows\system32\KERNEL32.DLL
0x00007fff2a840000 - 0x00007fff2a955000 	C:\Windows\system32\KERNELBASE.dll
0x00007fff28fd0000 - 0x00007fff2905e000 	C:\Windows\system32\apphelp.dll
0x00007fff1d1d0000 - 0x00007fff1d223000 	C:\Windows\AppPatch\AppPatch64\AcGenral.DLL
0x00007fff2b3b0000 - 0x00007fff2b45a000 	C:\Windows\system32\msvcrt.dll
0x00007fff2a2c0000 - 0x00007fff2a2ee000 	C:\Windows\SYSTEM32\SspiCli.dll
0x00007fff2aab0000 - 0x00007fff2ab04000 	C:\Windows\system32\SHLWAPI.dll
0x00007fff2b960000 - 0x00007fff2bad7000 	C:\Windows\system32\USER32.dll
0x00007fff2b210000 - 0x00007fff2b3a4000 	C:\Windows\system32\ole32.dll
0x00007fff2bb10000 - 0x00007fff2d029000 	C:\Windows\system32\SHELL32.dll
0x00007fff299d0000 - 0x00007fff299f1000 	C:\Windows\SYSTEM32\USERENV.dll
0x00007fff2b460000 - 0x00007fff2b50a000 	C:\Windows\system32\ADVAPI32.dll
0x00007fff18710000 - 0x00007fff1872e000 	C:\Windows\SYSTEM32\MPR.dll
0x00007fff2ad20000 - 0x00007fff2ae61000 	C:\Windows\system32\RPCRT4.dll
0x00007fff2ab70000 - 0x00007fff2abc9000 	C:\Windows\SYSTEM32\sechost.dll
0x00007fff2d030000 - 0x00007fff2d241000 	C:\Windows\SYSTEM32\combase.dll
0x00007fff2a960000 - 0x00007fff2aab0000 	C:\Windows\system32\GDI32.dll
0x00007fff2a430000 - 0x00007fff2a445000 	C:\Windows\SYSTEM32\profapi.dll
0x00007fff28ef0000 - 0x00007fff28fa2000 	C:\Windows\SYSTEM32\SHCORE.dll
0x00007fff2b1c0000 - 0x00007fff2b1f6000 	C:\Windows\system32\IMM32.DLL
0x00007fff2ae70000 - 0x00007fff2afc2000 	C:\Windows\system32\MSCTF.dll
0x00007fff28500000 - 0x00007fff2877a000 	C:\Windows\WinSxS\amd64_microsoft.windows.common-controls_6595b64144ccf1df_6.0.9600.17810_none_6240b9c7ecbd0bda\COMCTL32.dll
0x0000000050d00000 - 0x0000000050dd2000 	C:\Program Files\Java\jre1.8.0_40\bin\msvcr100.dll
0x0000000050eb0000 - 0x0000000051733000 	C:\Program Files\Java\jre1.8.0_40\bin\server\jvm.dll
0x00007fff21b40000 - 0x00007fff21b49000 	C:\Windows\SYSTEM32\WSOCK32.dll
0x00007fff26b10000 - 0x00007fff26b32000 	C:\Windows\SYSTEM32\WINMM.dll
0x00007fff26b40000 - 0x00007fff26b4a000 	C:\Windows\SYSTEM32\VERSION.dll
0x00007fff2b200000 - 0x00007fff2b207000 	C:\Windows\system32\PSAPI.DLL
0x00007fff2afd0000 - 0x00007fff2b02a000 	C:\Windows\system32\WS2_32.dll
0x00007fff26ae0000 - 0x00007fff26b0a000 	C:\Windows\SYSTEM32\WINMMBASE.dll
0x00007fff2d2c0000 - 0x00007fff2d2c9000 	C:\Windows\system32\NSI.dll
0x00007fff2a500000 - 0x00007fff2a54f000 	C:\Windows\SYSTEM32\cfgmgr32.dll
0x00007fff29220000 - 0x00007fff29248000 	C:\Windows\SYSTEM32\DEVOBJ.dll
0x0000000050ea0000 - 0x0000000050eaf000 	C:\Program Files\Java\jre1.8.0_40\bin\verify.dll
0x0000000050e70000 - 0x0000000050e99000 	C:\Program Files\Java\jre1.8.0_40\bin\java.dll
0x0000000050cc0000 - 0x0000000050cf5000 	C:\Program Files\Java\jre1.8.0_40\bin\jdwp.dll
0x0000000050cb0000 - 0x0000000050cb8000 	C:\Program Files\Java\jre1.8.0_40\bin\npt.dll
0x0000000050e50000 - 0x0000000050e66000 	C:\Program Files\Java\jre1.8.0_40\bin\zip.dll
0x0000000050ca0000 - 0x0000000050ca9000 	C:\Program Files\Java\jre1.8.0_40\bin\dt_socket.dll
0x00007fff1d4b0000 - 0x00007fff1d4c5000 	C:\Windows\system32\napinsp.dll
0x00007fff1d4d0000 - 0x00007fff1d4ea000 	C:\Windows\system32\pnrpnsp.dll
0x00007fff27700000 - 0x00007fff2771b000 	C:\Windows\system32\NLAapi.dll
0x00007fff29c40000 - 0x00007fff29c99000 	C:\Windows\System32\mswsock.dll
0x00007fff29a40000 - 0x00007fff29ae4000 	C:\Windows\SYSTEM32\DNSAPI.dll
0x00007fff1d4f0000 - 0x00007fff1d4fd000 	C:\Windows\System32\winrnr.dll
0x00007fff1d500000 - 0x00007fff1d514000 	C:\Windows\system32\wshbth.dll
0x0000000052990000 - 0x00000000529b6000 	C:\Program Files\Bonjour\mdnsNSP.dll
0x00007fff237f0000 - 0x00007fff2381a000 	C:\Windows\SYSTEM32\Iphlpapi.DLL
0x00007fff237c0000 - 0x00007fff237ca000 	C:\Windows\SYSTEM32\WINNSI.DLL
0x00007fff233b0000 - 0x00007fff2341b000 	C:\Windows\System32\fwpuclnt.dll
0x00007fff1f310000 - 0x00007fff1f31a000 	C:\Windows\System32\rasadhlp.dll
0x00007fff196b0000 - 0x00007fff19839000 	C:\Windows\SYSTEM32\dbghelp.dll

VM Arguments:
jvm_args: -agentlib:jdwp=transport=dt_socket,suspend=y,address=localhost:61238 -Dfile.encoding=Cp1251 
java_command: lesson_6Arrays.Ex_10c_PrintMatrixC
java_class_path (initial): C:\Users\Spider\workspace\JavaBook\bin
Launcher Type: SUN_STANDARD

Environment Variables:
PATH=C:/Program Files/Java/jre1.8.0_40/bin/server;C:/Program Files/Java/jre1.8.0_40/bin;C:/Program Files/Java/jre1.8.0_40/lib/amd64;C:\ProgramData\Oracle\Java\javapath;C:\Program Files (x86)\NVIDIA Corporation\PhysX\Common;C:\Program Files (x86)\Intel\iCLS Client\;C:\Program Files\Intel\iCLS Client\;C:\Windows\system32;C:\Windows;C:\Windows\System32\Wbem;C:\Windows\System32\WindowsPowerShell\v1.0\;C:\Program Files\Intel\Intel(R) Management Engine Components\DAL;C:\Program Files\Intel\Intel(R) Management Engine Components\IPT;C:\Program Files (x86)\Intel\Intel(R) Management Engine Components\DAL;C:\Program Files (x86)\Intel\Intel(R) Management Engine Components\IPT;C:\Program Files (x86)\Skype\Phone\;D:\SpideR\Programming\eclipse;
USERNAME=Spider
OS=Windows_NT
PROCESSOR_IDENTIFIER=Intel64 Family 6 Model 69 Stepping 1, GenuineIntel



---------------  S Y S T E M  ---------------

OS: Windows 8.1 , 64 bit Build 9600 (6.3.9600.17415)

CPU:total 4 (2 cores per cpu, 2 threads per core) family 6 model 69 stepping 1, cmov, cx8, fxsr, mmx, sse, sse2, sse3, ssse3, sse4.1, sse4.2, popcnt, avx, avx2, aes, clmul, erms, lzcnt, ht, tsc, tscinvbit, bmi1, bmi2

Memory: 4k page, physical 8268996k(5023476k free), swap 11515652k(1546156k free)

vm_info: Java HotSpot(TM) 64-Bit Server VM (25.40-b25) for windows-amd64 JRE (1.8.0_40-b25), built on Feb 10 2015 21:53:57 by "java_re" with MS VC++ 10.0 (VS2010)

time: Sat Aug 08 21:08:56 2015
elapsed time: 263 seconds (0d 0h 4m 23s)

